[10:57:53.967] [TID 1]: THREAD_INIT
[10:57:53.967] [TID 1]: B0_L_ITER_0: Processing 0 to 1
[10:57:53.967] [TID 1]: B0_L_ITER_1: Processing 1 to 14
[10:57:53.967] [TID 1]: B0_L_ITER_2: Processing 14 to 103
[10:57:53.967] [TID 1]: B0_L_ITER_3: Processing 103 to 522
[10:57:53.968] [TID 1]: B0_L_ITER_4: Processing 522 to 1779
[10:57:53.969] [TID 1]: B0_L_ITER_5: Processing 1779 to 4485
[10:57:53.972] [TID 1]: B0_L_ITER_6: Processing 4485 to 9407
[10:57:53.977] [TID 1]: B0_L_ITER_7: Processing 9407 to 17464
[10:57:53.981] [TID 1]: B0_L_ITER_8: Processing 17464 to 27223
[10:57:53.985] [TID 1]: B0_L_ITER_9: Processing 27223 to 36505
[10:57:53.988] [TID 1]: B0_L_ITER_10: Processing 36505 to 43423
[10:57:53.989] [TID 1]: B0_L_ITER_11: Processing 43423 to 47506
[10:57:53.990] [TID 1]: B0_L_ITER_12: Processing 47506 to 49457
[10:57:53.990] [TID 1]: B0_L_ITER_13: Processing 49457 to 50205
[10:57:53.990] [TID 1]: B0_L_ITER_14: Processing 50205 to 50468
[10:57:53.991] [TID 1]: B0_L_ITER_15: Processing 50468 to 50575
[10:57:53.991] [TID 1]: B0_L_ITER_16: Processing 50575 to 50644
[10:57:53.991] [TID 1]: B0_L_ITER_17: Processing 50644 to 50672
[10:57:53.991] [TID 1]: B0_L_ITER_18: Processing 50672 to 50677
[10:57:53.991] [TID 1]: B0_L_ITER_19: Processing 50677 to 50677
[10:57:53.991] [TID 1]: B0_L_STABLE
[10:57:53.991] [TID 1]: B0_H_START
[10:57:53.993] [TID 1]: B1_L_ITER_0: Processing 0 to 105749
[10:57:53.999] [TID 1]: B1_L_ITER_1: Processing 105749 to 110263
[10:57:53.999] [TID 1]: B1_L_ITER_2: Processing 110263 to 110304
[10:57:53.999] [TID 1]: B1_L_ITER_3: Processing 110304 to 110305
[10:57:53.999] [TID 1]: B1_L_ITER_4: Processing 110305 to 110305
[10:57:53.999] [TID 1]: B1_L_STABLE
[10:57:53.999] [TID 1]: B1_H_START
[10:57:54.003] [TID 1]: B5_L_ITER_0: Processing 0 to 1
[10:57:54.004] [TID 1]: B5_L_ITER_1: Processing 1 to 1
[10:57:54.004] [TID 1]: B5_L_STABLE
[10:57:54.004] [TID 1]: B5_H_START
[10:57:54.004] [TID 1]: B6_L_ITER_0: Processing 0 to 2
[10:57:54.004] [TID 1]: B6_L_ITER_1: Processing 2 to 2
[10:57:54.004] [TID 1]: B6_L_STABLE
[10:57:54.004] [TID 1]: B6_H_START
[10:57:54.004] [TID 1]: B7_L_ITER_0: Processing 0 to 1
[10:57:54.004] [TID 1]: B7_L_ITER_1: Processing 1 to 1
[10:57:54.004] [TID 1]: B7_L_STABLE
[10:57:54.004] [TID 1]: B7_H_START
[10:57:54.004] [TID 1]: B11_L_ITER_0: Processing 0 to 1
[10:57:54.004] [TID 1]: B11_L_ITER_1: Processing 1 to 1
[10:57:54.004] [TID 1]: B11_L_STABLE
[10:57:54.004] [TID 1]: B11_H_START
[10:57:54.004] [TID 1]: B12_L_ITER_0: Processing 0 to 1
[10:57:54.004] [TID 1]: B12_L_ITER_1: Processing 1 to 1
[10:57:54.004] [TID 1]: B12_L_STABLE
[10:57:54.004] [TID 1]: B12_H_START
[10:57:54.006] [TID 1]: EXIT_SIGNAL_RECEIVED
